<?xml version="1.0" encoding="UTF-8"?>
<!-- Generated by org.testng.reporters.JUnitReportReporter -->
<testsuite hostname="QH-PC-20769" failures="0" tests="1" name="examms.testCases.TC_LoginTest_001" time="1.301" errors="0" timestamp="18 Apr 2019 10:48:52 GMT" skipped="0">
  <testcase classname="examms.testCases.TC_LoginTest_001" name="loginTest" time="1.301"/>
</testsuite> <!-- examms.testCases.TC_LoginTest_001 -->
