<?xml version="1.0" encoding="UTF-8"?>
<!-- Generated by org.testng.reporters.JUnitReportReporter -->
<testsuite hostname="QH-PC-20769" failures="0" tests="1" name="com.examms.testCases.TC_LoginTest_001" time="0.245" errors="0" timestamp="05 апр 2019 16:39:36 GMT" skipped="0">
  <testcase classname="com.examms.testCases.TC_LoginTest_001" name="loginTest" time="0.245"/>
</testsuite> <!-- com.examms.testCases.TC_LoginTest_001 -->
