<?xml version="1.0" encoding="UTF-8"?>
<!-- Generated by org.testng.reporters.JUnitReportReporter -->
<testsuite hostname="QH-PC-20769" failures="0" tests="1" name="examms.testCases.TC_LoginTest_001" time="1.353" errors="0" timestamp="16 Apr 2019 11:33:34 GMT" skipped="0">
  <testcase classname="examms.testCases.TC_LoginTest_001" name="loginTest" time="1.353"/>
</testsuite> <!-- examms.testCases.TC_LoginTest_001 -->
