<?xml version="1.0" encoding="UTF-8"?>
<!-- Generated by org.testng.reporters.JUnitReportReporter -->
<testsuite hostname="QH-PC-20769" failures="0" tests="1" name="examMs.testCases.TCLoginTest001" time="1.518" errors="0" timestamp="05 апр 2019 15:06:37 GMT" skipped="0">
  <testcase classname="examMs.testCases.TCLoginTest001" name="loginTest" time="1.518"/>
</testsuite> <!-- examMs.testCases.TCLoginTest001 -->
